SF:C:\OOAiP\SpaceBattle.Lib\CheckCollision.cs
FN:11,System.Void SpaceBattle.Lib.CheckCollision::execute()
FNDA:2,System.Void SpaceBattle.Lib.CheckCollision::execute()
DA:12,2
DA:13,2
DA:14,2
DA:15,3
DA:16,1
BRDA:15,60,0,1
BRDA:15,60,1,1
FN:6,System.Void SpaceBattle.Lib.CheckCollision::.ctor(SpaceBattle.Lib.IUObject,SpaceBattle.Lib.IUObject)
FNDA:4,System.Void SpaceBattle.Lib.CheckCollision::.ctor(SpaceBattle.Lib.IUObject,SpaceBattle.Lib.IUObject)
DA:7,4
DA:8,2
DA:9,2
DA:10,2
LF:9
LH:9
BRF:2
BRH:2
FNF:2
FNH:2
end_of_record
SF:C:\OOAiP\SpaceBattle.Lib\MarcoCommand\BuildMacroCommandStrategy.cs
FN:7,System.Object SpaceBattle.Lib.BuildMacroCommandStrategy::RunStrategy(System.Object[])
FNDA:1,System.Object SpaceBattle.Lib.BuildMacroCommandStrategy::RunStrategy(System.Object[])
DA:8,1
DA:9,1
DA:10,1
DA:12,1
DA:14,1
DA:15,5
DA:16,1
DA:17,1
DA:18,1
DA:20,1
DA:21,1
BRDA:15,100,1,1
BRDA:15,100,0,1
LF:11
LH:11
BRF:2
BRH:2
FNF:1
FNH:1
end_of_record
SF:C:\OOAiP\SpaceBattle.Lib\MarcoCommand\MacroCommand.cs
FN:11,System.Void SpaceBattle.Lib.MacroCommand::execute()
FNDA:1,System.Void SpaceBattle.Lib.MacroCommand::execute()
DA:12,1
DA:13,5
DA:14,1
DA:15,1
DA:16,1
DA:17,1
BRDA:13,38,1,1
BRDA:13,38,0,1
FN:6,System.Void SpaceBattle.Lib.MacroCommand::.ctor(System.Collections.Generic.IList`1<SpaceBattle.Lib.ICommand>)
FNDA:1,System.Void SpaceBattle.Lib.MacroCommand::.ctor(System.Collections.Generic.IList`1<SpaceBattle.Lib.ICommand>)
DA:7,1
DA:8,1
DA:9,1
DA:10,1
LF:10
LH:10
BRF:2
BRH:2
FNF:2
FNH:2
end_of_record
SF:C:\OOAiP\SpaceBattle.Lib\Move\MoveCommand.cs
FN:8,System.Void SpaceBattle.Lib.MoveCommand::execute()
FNDA:4,System.Void SpaceBattle.Lib.MoveCommand::execute()
DA:9,4
FN:6,System.Void SpaceBattle.Lib.MoveCommand::.ctor(SpaceBattle.Lib.IMovable)
FNDA:8,System.Void SpaceBattle.Lib.MoveCommand::.ctor(SpaceBattle.Lib.IMovable)
DA:7,8
LF:2
LH:2
BRF:0
BRH:0
FNF:2
FNH:2
end_of_record
SF:C:\OOAiP\SpaceBattle.Lib\Rotate\RotateCommand.cs
FN:8,System.Void SpaceBattle.Lib.RotateCommand::execute()
FNDA:6,System.Void SpaceBattle.Lib.RotateCommand::execute()
DA:9,6
DA:10,6
DA:11,2
FN:6,System.Void SpaceBattle.Lib.RotateCommand::.ctor(SpaceBattle.Lib.IRotable)
FNDA:12,System.Void SpaceBattle.Lib.RotateCommand::.ctor(SpaceBattle.Lib.IRotable)
DA:7,12
LF:4
LH:4
BRF:0
BRH:0
FNF:2
FNH:2
end_of_record
SF:C:\OOAiP\SpaceBattle.Lib\Rotate\Ugle.cs
FN:28,SpaceBattle.Lib.Ugle SpaceBattle.Lib.Ugle::op_Addition(SpaceBattle.Lib.Ugle,SpaceBattle.Lib.Ugle)
FNDA:4,SpaceBattle.Lib.Ugle SpaceBattle.Lib.Ugle::op_Addition(SpaceBattle.Lib.Ugle,SpaceBattle.Lib.Ugle)
DA:29,4
DA:30,5
DA:31,3
DA:32,3
DA:33,3
DA:34,3
DA:35,3
BRDA:30,8,0,3
BRDA:30,17,0,3
BRDA:30,26,0,3
BRDA:30,8,1,1
BRDA:30,17,1,1
BRDA:30,26,1,1
BRDA:30,42,0,1
BRDA:30,42,1,3
FN:47,System.Boolean SpaceBattle.Lib.Ugle::Equals(System.Object)
FNDA:6,System.Boolean SpaceBattle.Lib.Ugle::Equals(System.Object)
DA:48,6
DA:49,7
DA:51,6
DA:53,4
DA:54,4
DA:55,7
DA:56,3
DA:57,1
DA:58,1
DA:60,6
BRDA:49,7,0,1
BRDA:49,7,1,5
BRDA:51,21,0,1
BRDA:51,21,1,4
BRDA:54,46,0,3
BRDA:54,46,1,1
BRDA:55,84,0,3
BRDA:55,84,1,1
FN:62,System.Int32 SpaceBattle.Lib.Ugle::GetHashCode()
FNDA:8,System.Int32 SpaceBattle.Lib.Ugle::GetHashCode()
DA:63,8
DA:64,8
DA:65,8
FN:3,System.Void SpaceBattle.Lib.Ugle::.ctor()
FNDA:22,System.Void SpaceBattle.Lib.Ugle::.ctor()
DA:4,22
DA:5,22
DA:6,3
FN:6,System.Void SpaceBattle.Lib.Ugle::.ctor(System.Int32,System.Int32)
FNDA:42,System.Void SpaceBattle.Lib.Ugle::.ctor(System.Int32,System.Int32)
DA:7,42
DA:8,22
DA:9,1
DA:10,1
DA:11,1
DA:12,23
DA:13,1
DA:14,1
DA:15,23
DA:16,2
DA:17,2
DA:18,1158
DA:19,384
DA:20,12
DA:21,12
DA:22,12
DA:23,12
DA:24,372
DA:25,21
DA:26,21
DA:27,21
BRDA:8,28,0,1
BRDA:12,66,1,1
BRDA:8,28,1,22
BRDA:12,66,0,21
BRDA:15,80,0,2
BRDA:15,80,1,21
BRDA:18,148,1,372
BRDA:19,103,0,12
BRDA:19,103,1,360
BRDA:19,118,0,12
BRDA:19,118,1,372
BRDA:18,148,0,21
LF:44
LH:44
BRF:28
BRH:28
FNF:5
FNH:5
end_of_record
SF:C:\OOAiP\SpaceBattle.Lib\ServerThread\MyThread.cs
FN:19,System.Void SpaceBattle.Lib.MyThread::Stop()
FNDA:2,System.Void SpaceBattle.Lib.MyThread::Stop()
DA:20,2
DA:21,2
DA:22,2
FN:24,System.Void SpaceBattle.Lib.MyThread::HandleCommand()
FNDA:1,System.Void SpaceBattle.Lib.MyThread::HandleCommand()
DA:25,1
DA:26,1
DA:28,1
DA:29,1
DA:30,0
DA:31,1
DA:32,1
DA:33,1
DA:37,0
BRDA:29,15,1,1
BRDA:29,15,0,0
FN:55,System.Void SpaceBattle.Lib.MyThread::UpdateBehaviour(System.Action)
FNDA:1,System.Void SpaceBattle.Lib.MyThread::UpdateBehaviour(System.Action)
DA:56,1
DA:57,1
DA:58,1
FN:59,System.Void SpaceBattle.Lib.MyThread::execute()
FNDA:2,System.Void SpaceBattle.Lib.MyThread::execute()
DA:60,2
DA:61,2
DA:63,2
FN:41,System.Void SpaceBattle.Lib.MyThread::<.ctor>b__6_0()
FNDA:1,System.Void SpaceBattle.Lib.MyThread::<.ctor>b__6_0()
DA:42,1
DA:43,1
DA:44,4
FN:46,System.Void SpaceBattle.Lib.MyThread::<.ctor>b__6_1()
FNDA:0,System.Void SpaceBattle.Lib.MyThread::<.ctor>b__6_1()
DA:47,0
DA:48,0
DA:49,0
DA:50,0
DA:51,0
DA:52,4
BRDA:48,28,1,0
BRDA:48,28,0,0
FN:16,System.Void SpaceBattle.Lib.MyThread::.ctor(SpaceBattle.Lib.IReceiver)
FNDA:4,System.Void SpaceBattle.Lib.MyThread::.ctor(SpaceBattle.Lib.IReceiver)
DA:17,4
DA:38,4
DA:39,4
DA:40,4
DA:41,4
DA:46,4
DA:53,4
DA:54,4
FN:81,System.Void SpaceBattle.Lib.UpdateBehaviourCommand::execute()
FNDA:1,System.Void SpaceBattle.Lib.UpdateBehaviourCommand::execute()
DA:82,1
DA:83,1
DA:84,1
FN:74,System.Void SpaceBattle.Lib.UpdateBehaviourCommand::.ctor(SpaceBattle.Lib.MyThread,System.Action)
FNDA:1,System.Void SpaceBattle.Lib.UpdateBehaviourCommand::.ctor(SpaceBattle.Lib.MyThread,System.Action)
DA:75,1
DA:76,1
DA:77,1
DA:78,1
DA:79,1
FN:91,System.Void SpaceBattle.Lib.CreateAndStartThreadCommand::execute()
FNDA:2,System.Void SpaceBattle.Lib.CreateAndStartThreadCommand::execute()
DA:92,2
DA:93,2
DA:94,2
FN:89,System.Void SpaceBattle.Lib.CreateAndStartThreadCommand::.ctor(SpaceBattle.Lib.MyThread)
FNDA:4,System.Void SpaceBattle.Lib.CreateAndStartThreadCommand::.ctor(SpaceBattle.Lib.MyThread)
DA:90,4
FN:108,System.Void SpaceBattle.Lib.SendCommand::execute()
FNDA:1,System.Void SpaceBattle.Lib.SendCommand::execute()
DA:109,1
DA:111,1
DA:112,1
FN:101,System.Void SpaceBattle.Lib.SendCommand::.ctor(SpaceBattle.Lib.MyThread,SpaceBattle.Lib.ICommand)
FNDA:1,System.Void SpaceBattle.Lib.SendCommand::.ctor(SpaceBattle.Lib.MyThread,SpaceBattle.Lib.ICommand)
DA:102,1
DA:103,1
DA:104,1
DA:105,1
DA:106,1
FN:119,System.Void SpaceBattle.Lib.HardStopCommand::execute()
FNDA:2,System.Void SpaceBattle.Lib.HardStopCommand::execute()
DA:120,2
DA:130,2
DA:131,2
DA:132,2
DA:133,0
DA:134,0
DA:135,0
DA:137,2
FN:117,System.Void SpaceBattle.Lib.HardStopCommand::.ctor(SpaceBattle.Lib.MyThread)
FNDA:4,System.Void SpaceBattle.Lib.HardStopCommand::.ctor(SpaceBattle.Lib.MyThread)
DA:118,4
FN:145,System.Void SpaceBattle.Lib.SoftStopCommand::execute()
FNDA:1,System.Void SpaceBattle.Lib.SoftStopCommand::execute()
DA:146,1
DA:150,1
DA:152,1
DA:153,1
DA:154,0
DA:155,0
DA:156,0
DA:162,1
FN:143,System.Void SpaceBattle.Lib.SoftStopCommand::.ctor(SpaceBattle.Lib.MyThread)
FNDA:2,System.Void SpaceBattle.Lib.SoftStopCommand::.ctor(SpaceBattle.Lib.MyThread)
DA:144,2
FN:170,SpaceBattle.Lib.ICommand SpaceBattle.Lib.ReceiveAdapter::Receive()
FNDA:3,SpaceBattle.Lib.ICommand SpaceBattle.Lib.ReceiveAdapter::Receive()
DA:171,3
DA:172,3
DA:173,3
FN:175,System.Boolean SpaceBattle.Lib.ReceiveAdapter::isEmpty()
FNDA:2,System.Boolean SpaceBattle.Lib.ReceiveAdapter::isEmpty()
DA:176,2
DA:177,2
DA:178,2
FN:180,System.Void SpaceBattle.Lib.ReceiveAdapter::Push(SpaceBattle.Lib.ICommand)
FNDA:5,System.Void SpaceBattle.Lib.ReceiveAdapter::Push(SpaceBattle.Lib.ICommand)
DA:181,5
DA:182,5
DA:183,5
FN:167,System.Void SpaceBattle.Lib.ReceiveAdapter::.ctor(System.Collections.Concurrent.BlockingCollection`1<SpaceBattle.Lib.ICommand>)
FNDA:10,System.Void SpaceBattle.Lib.ReceiveAdapter::.ctor(System.Collections.Concurrent.BlockingCollection`1<SpaceBattle.Lib.ICommand>)
DA:168,10
LF:83
LH:70
BRF:4
BRH:1
FNF:21
FNH:21
end_of_record
SF:C:\OOAiP\SpaceBattle.Lib\Strategies\CreateAndStartThreadStrategy.cs
FN:5,System.Object SpaceBattle.Lib.CreateAndStartThreadStrategy::RunStrategy(System.Object[])
FNDA:2,System.Object SpaceBattle.Lib.CreateAndStartThreadStrategy::RunStrategy(System.Object[])
DA:6,2
DA:7,2
DA:9,2
DA:11,2
DA:12,2
LF:5
LH:5
BRF:0
BRH:0
FNF:1
FNH:1
end_of_record
SF:C:\OOAiP\SpaceBattle.Lib\Strategies\GetDifferenceStrategy.cs
FN:6,System.Object SpaceBattle.Lib.GetDifferenceStrategy::RunStrategy(System.Object[])
FNDA:3,System.Object SpaceBattle.Lib.GetDifferenceStrategy::RunStrategy(System.Object[])
DA:7,3
DA:8,3
DA:9,3
DA:10,3
DA:11,3
DA:12,3
DA:13,3
DA:14,3
DA:15,3
DA:16,3
DA:17,3
LF:11
LH:11
BRF:0
BRH:0
FNF:1
FNH:1
end_of_record
SF:C:\OOAiP\SpaceBattle.Lib\Strategies\GetPropertyStrategy.cs
FN:3,System.Object SpaceBattle.Lib.GetPropertyStrategy::RunStrategy(System.Object[])
FNDA:12,System.Object SpaceBattle.Lib.GetPropertyStrategy::RunStrategy(System.Object[])
DA:4,12
DA:5,12
DA:6,12
DA:7,12
DA:8,12
LF:5
LH:5
BRF:0
BRH:0
FNF:1
FNH:1
end_of_record
SF:C:\OOAiP\SpaceBattle.Lib\Strategies\HardStopThreadStrategy.cs
FN:5,System.Object SpaceBattle.Lib.HardStopThreadStrategy::RunStrategy(System.Object[])
FNDA:2,System.Object SpaceBattle.Lib.HardStopThreadStrategy::RunStrategy(System.Object[])
DA:6,2
DA:7,2
DA:10,2
DA:12,2
DA:14,2
LF:5
LH:5
BRF:0
BRH:0
FNF:1
FNH:1
end_of_record
SF:C:\OOAiP\SpaceBattle.Lib\Strategies\SendCommandStrategy.cs
FN:6,System.Object SpaceBattle.Lib.SendCommandStrategy::RunStrategy(System.Object[])
FNDA:1,System.Object SpaceBattle.Lib.SendCommandStrategy::RunStrategy(System.Object[])
DA:7,1
DA:8,1
DA:9,1
DA:11,1
DA:19,1
DA:20,1
LF:6
LH:6
BRF:0
BRH:0
FNF:1
FNH:1
end_of_record
SF:C:\OOAiP\SpaceBattle.Lib\Strategies\SoftStopThreadStrategy.cs
FN:6,System.Object SpaceBattle.Lib.SoftStopThreadStrategy::RunStrategy(System.Object[])
FNDA:1,System.Object SpaceBattle.Lib.SoftStopThreadStrategy::RunStrategy(System.Object[])
DA:7,1
DA:8,1
DA:10,1
DA:12,1
DA:17,1
LF:5
LH:5
BRF:0
BRH:0
FNF:1
FNH:1
end_of_record
SF:C:\OOAiP\SpaceBattle.Lib\Vector.cs
FN:13,System.Int32 SpaceBattle.Lib.Vector::get_Item(System.Int32)
FNDA:58,System.Int32 SpaceBattle.Lib.Vector::get_Item(System.Int32)
DA:14,58
DA:15,58
DA:16,58
FN:17,System.Void SpaceBattle.Lib.Vector::set_Item(System.Int32,System.Int32)
FNDA:1,System.Void SpaceBattle.Lib.Vector::set_Item(System.Int32,System.Int32)
DA:18,1
DA:19,1
DA:20,1
FN:22,SpaceBattle.Lib.Vector SpaceBattle.Lib.Vector::op_Addition(SpaceBattle.Lib.Vector,SpaceBattle.Lib.Vector)
FNDA:4,SpaceBattle.Lib.Vector SpaceBattle.Lib.Vector::op_Addition(SpaceBattle.Lib.Vector,SpaceBattle.Lib.Vector)
DA:23,4
DA:24,5
DA:25,3
DA:26,30
DA:28,3
DA:29,3
BRDA:24,20,0,1
BRDA:24,20,1,3
BRDA:26,77,1,8
BRDA:26,77,0,3
FN:30,SpaceBattle.Lib.Vector SpaceBattle.Lib.Vector::op_Subtraction(SpaceBattle.Lib.Vector,SpaceBattle.Lib.Vector)
FNDA:7,SpaceBattle.Lib.Vector SpaceBattle.Lib.Vector::op_Subtraction(SpaceBattle.Lib.Vector,SpaceBattle.Lib.Vector)
DA:31,7
DA:32,8
DA:33,6
DA:34,48
DA:36,6
DA:37,6
BRDA:32,20,0,1
BRDA:32,20,1,6
BRDA:34,77,1,12
BRDA:34,77,0,6
FN:38,System.Boolean SpaceBattle.Lib.Vector::op_Equality(SpaceBattle.Lib.Vector,SpaceBattle.Lib.Vector)
FNDA:4,System.Boolean SpaceBattle.Lib.Vector::op_Equality(SpaceBattle.Lib.Vector,SpaceBattle.Lib.Vector)
DA:39,4
DA:40,5
DA:41,20
DA:42,9
DA:43,2
DA:44,4
BRDA:40,20,0,1
BRDA:40,20,1,3
BRDA:41,74,1,8
BRDA:42,51,0,1
BRDA:42,51,1,7
BRDA:41,74,0,2
FN:45,System.Boolean SpaceBattle.Lib.Vector::op_Inequality(SpaceBattle.Lib.Vector,SpaceBattle.Lib.Vector)
FNDA:1,System.Boolean SpaceBattle.Lib.Vector::op_Inequality(SpaceBattle.Lib.Vector,SpaceBattle.Lib.Vector)
DA:46,1
DA:47,1
DA:48,1
FN:49,System.Boolean SpaceBattle.Lib.Vector::Equals(System.Object)
FNDA:4,System.Boolean SpaceBattle.Lib.Vector::Equals(System.Object)
DA:50,4
BRDA:50,8,0,3
BRDA:50,8,1,1
FN:52,System.Int32 SpaceBattle.Lib.Vector::GetHashCode()
FNDA:2,System.Int32 SpaceBattle.Lib.Vector::GetHashCode()
DA:53,2
DA:54,10
DA:55,2
FN:5,System.Void SpaceBattle.Lib.Vector::.ctor(System.Int32[])
FNDA:45,System.Void SpaceBattle.Lib.Vector::.ctor(System.Int32[])
DA:6,45
DA:7,45
DA:8,45
DA:9,45
DA:10,45
LF:36
LH:36
BRF:16
BRH:16
FNF:9
FNH:9
end_of_record