SF:C:\OOAiP\SpaceBattle.Lib\CheckCollision.cs
FN:11,System.Void SpaceBattle.Lib.CheckCollision::execute()
FNDA:0,System.Void SpaceBattle.Lib.CheckCollision::execute()
DA:12,0
DA:13,0
DA:14,0
DA:15,0
DA:16,0
BRDA:15,60,0,0
BRDA:15,60,1,0
FN:6,System.Void SpaceBattle.Lib.CheckCollision::.ctor(SpaceBattle.Lib.IUObject,SpaceBattle.Lib.IUObject)
FNDA:0,System.Void SpaceBattle.Lib.CheckCollision::.ctor(SpaceBattle.Lib.IUObject,SpaceBattle.Lib.IUObject)
DA:7,0
DA:8,0
DA:9,0
DA:10,0
LF:9
LH:0
BRF:2
BRH:0
FNF:2
FNH:0
end_of_record
SF:C:\OOAiP\SpaceBattle.Lib\MarcoCommand\BuildMacroCommandStrategy.cs
FN:7,System.Object SpaceBattle.Lib.BuildMacroCommandStrategy::RunStrategy(System.Object[])
FNDA:0,System.Object SpaceBattle.Lib.BuildMacroCommandStrategy::RunStrategy(System.Object[])
DA:8,0
DA:9,0
DA:10,0
DA:12,0
DA:14,0
DA:15,0
DA:16,0
DA:17,0
DA:18,0
DA:20,0
DA:21,0
BRDA:15,100,1,0
BRDA:15,100,0,0
LF:11
LH:0
BRF:2
BRH:0
FNF:1
FNH:0
end_of_record
SF:C:\OOAiP\SpaceBattle.Lib\MarcoCommand\MacroCommand.cs
FN:11,System.Void SpaceBattle.Lib.MacroCommand::execute()
FNDA:0,System.Void SpaceBattle.Lib.MacroCommand::execute()
DA:12,0
DA:13,0
DA:14,0
DA:15,0
DA:16,0
DA:17,0
BRDA:13,38,1,0
BRDA:13,38,0,0
FN:6,System.Void SpaceBattle.Lib.MacroCommand::.ctor(System.Collections.Generic.IList`1<SpaceBattle.Lib.ICommand>)
FNDA:0,System.Void SpaceBattle.Lib.MacroCommand::.ctor(System.Collections.Generic.IList`1<SpaceBattle.Lib.ICommand>)
DA:7,0
DA:8,0
DA:9,0
DA:10,0
LF:10
LH:0
BRF:2
BRH:0
FNF:2
FNH:0
end_of_record
SF:C:\OOAiP\SpaceBattle.Lib\Move\MoveCommand.cs
FN:8,System.Void SpaceBattle.Lib.MoveCommand::execute()
FNDA:0,System.Void SpaceBattle.Lib.MoveCommand::execute()
DA:9,0
FN:6,System.Void SpaceBattle.Lib.MoveCommand::.ctor(SpaceBattle.Lib.IMovable)
FNDA:0,System.Void SpaceBattle.Lib.MoveCommand::.ctor(SpaceBattle.Lib.IMovable)
DA:7,0
LF:2
LH:0
BRF:0
BRH:0
FNF:2
FNH:0
end_of_record
SF:C:\OOAiP\SpaceBattle.Lib\Rotate\RotateCommand.cs
FN:8,System.Void SpaceBattle.Lib.RotateCommand::execute()
FNDA:0,System.Void SpaceBattle.Lib.RotateCommand::execute()
DA:9,0
DA:10,0
DA:11,0
FN:6,System.Void SpaceBattle.Lib.RotateCommand::.ctor(SpaceBattle.Lib.IRotable)
FNDA:0,System.Void SpaceBattle.Lib.RotateCommand::.ctor(SpaceBattle.Lib.IRotable)
DA:7,0
LF:4
LH:0
BRF:0
BRH:0
FNF:2
FNH:0
end_of_record
SF:C:\OOAiP\SpaceBattle.Lib\Rotate\Ugle.cs
FN:28,SpaceBattle.Lib.Ugle SpaceBattle.Lib.Ugle::op_Addition(SpaceBattle.Lib.Ugle,SpaceBattle.Lib.Ugle)
FNDA:0,SpaceBattle.Lib.Ugle SpaceBattle.Lib.Ugle::op_Addition(SpaceBattle.Lib.Ugle,SpaceBattle.Lib.Ugle)
DA:29,0
DA:30,0
DA:31,0
DA:32,0
DA:33,0
DA:34,0
DA:35,0
BRDA:30,8,0,0
BRDA:30,17,0,0
BRDA:30,26,0,0
BRDA:30,8,1,0
BRDA:30,17,1,0
BRDA:30,26,1,0
BRDA:30,42,0,0
BRDA:30,42,1,0
FN:47,System.Boolean SpaceBattle.Lib.Ugle::Equals(System.Object)
FNDA:0,System.Boolean SpaceBattle.Lib.Ugle::Equals(System.Object)
DA:48,0
DA:49,0
DA:51,0
DA:53,0
DA:54,0
DA:55,0
DA:56,0
DA:57,0
DA:58,0
DA:60,0
BRDA:49,7,0,0
BRDA:49,7,1,0
BRDA:51,21,0,0
BRDA:51,21,1,0
BRDA:54,46,0,0
BRDA:54,46,1,0
BRDA:55,84,0,0
BRDA:55,84,1,0
FN:62,System.Int32 SpaceBattle.Lib.Ugle::GetHashCode()
FNDA:0,System.Int32 SpaceBattle.Lib.Ugle::GetHashCode()
DA:63,0
DA:64,0
DA:65,0
FN:3,System.Void SpaceBattle.Lib.Ugle::.ctor()
FNDA:0,System.Void SpaceBattle.Lib.Ugle::.ctor()
DA:4,0
DA:5,0
DA:6,0
FN:6,System.Void SpaceBattle.Lib.Ugle::.ctor(System.Int32,System.Int32)
FNDA:0,System.Void SpaceBattle.Lib.Ugle::.ctor(System.Int32,System.Int32)
DA:7,0
DA:8,0
DA:9,0
DA:10,0
DA:11,0
DA:12,0
DA:13,0
DA:14,0
DA:15,0
DA:16,0
DA:17,0
DA:18,0
DA:19,0
DA:20,0
DA:21,0
DA:22,0
DA:23,0
DA:24,0
DA:25,0
DA:26,0
DA:27,0
BRDA:8,28,0,0
BRDA:12,66,1,0
BRDA:8,28,1,0
BRDA:12,66,0,0
BRDA:15,80,0,0
BRDA:15,80,1,0
BRDA:18,148,1,0
BRDA:19,103,0,0
BRDA:19,103,1,0
BRDA:19,118,0,0
BRDA:19,118,1,0
BRDA:18,148,0,0
LF:44
LH:0
BRF:28
BRH:0
FNF:5
FNH:0
end_of_record
SF:C:\OOAiP\SpaceBattle.Lib\ServerThread\MyThread.cs
FN:19,System.Void SpaceBattle.Lib.MyThread::Stop()
FNDA:0,System.Void SpaceBattle.Lib.MyThread::Stop()
DA:20,0
DA:21,0
DA:22,0
FN:24,System.Void SpaceBattle.Lib.MyThread::HandleCommand()
FNDA:0,System.Void SpaceBattle.Lib.MyThread::HandleCommand()
DA:25,0
DA:26,0
DA:28,0
DA:29,0
DA:30,0
DA:31,0
DA:32,0
DA:36,0
DA:37,0
BRDA:29,15,1,0
BRDA:29,15,0,0
FN:55,System.Void SpaceBattle.Lib.MyThread::UpdateBehaviour(System.Action)
FNDA:0,System.Void SpaceBattle.Lib.MyThread::UpdateBehaviour(System.Action)
DA:56,0
DA:57,0
DA:58,0
FN:59,System.Void SpaceBattle.Lib.MyThread::execute()
FNDA:0,System.Void SpaceBattle.Lib.MyThread::execute()
DA:60,0
DA:61,0
DA:63,0
FN:41,System.Void SpaceBattle.Lib.MyThread::<.ctor>b__6_0()
FNDA:0,System.Void SpaceBattle.Lib.MyThread::<.ctor>b__6_0()
DA:42,0
DA:43,0
DA:44,0
FN:46,System.Void SpaceBattle.Lib.MyThread::<.ctor>b__6_1()
FNDA:0,System.Void SpaceBattle.Lib.MyThread::<.ctor>b__6_1()
DA:47,0
DA:48,0
DA:49,0
DA:50,0
DA:51,0
DA:52,0
BRDA:48,28,1,0
BRDA:48,28,0,0
FN:16,System.Void SpaceBattle.Lib.MyThread::.ctor(SpaceBattle.Lib.IReceiver)
FNDA:0,System.Void SpaceBattle.Lib.MyThread::.ctor(SpaceBattle.Lib.IReceiver)
DA:17,0
DA:38,0
DA:39,0
DA:40,0
DA:41,0
DA:46,0
DA:53,0
DA:54,0
FN:81,System.Void SpaceBattle.Lib.UpdateBehaviourCommand::execute()
FNDA:0,System.Void SpaceBattle.Lib.UpdateBehaviourCommand::execute()
DA:82,0
DA:83,0
DA:84,0
FN:74,System.Void SpaceBattle.Lib.UpdateBehaviourCommand::.ctor(SpaceBattle.Lib.MyThread,System.Action)
FNDA:0,System.Void SpaceBattle.Lib.UpdateBehaviourCommand::.ctor(SpaceBattle.Lib.MyThread,System.Action)
DA:75,0
DA:76,0
DA:77,0
DA:78,0
DA:79,0
FN:98,System.Void SpaceBattle.Lib.SendCommand::execute()
FNDA:0,System.Void SpaceBattle.Lib.SendCommand::execute()
DA:99,0
DA:100,0
DA:101,0
FN:91,System.Void SpaceBattle.Lib.SendCommand::.ctor(SpaceBattle.Lib.MyThread,SpaceBattle.Lib.ICommand)
FNDA:0,System.Void SpaceBattle.Lib.SendCommand::.ctor(SpaceBattle.Lib.MyThread,SpaceBattle.Lib.ICommand)
DA:92,0
DA:93,0
DA:94,0
DA:95,0
DA:96,0
FN:108,System.Void SpaceBattle.Lib.HardStopCommand::execute()
FNDA:0,System.Void SpaceBattle.Lib.HardStopCommand::execute()
DA:109,0
DA:114,0
DA:116,0
DA:117,0
DA:118,0
DA:119,0
DA:120,0
DA:127,0
FN:106,System.Void SpaceBattle.Lib.HardStopCommand::.ctor(SpaceBattle.Lib.MyThread)
FNDA:0,System.Void SpaceBattle.Lib.HardStopCommand::.ctor(SpaceBattle.Lib.MyThread)
DA:107,0
FN:134,System.Void SpaceBattle.Lib.SoftStopCommand::execute()
FNDA:0,System.Void SpaceBattle.Lib.SoftStopCommand::execute()
DA:135,0
DA:136,0
DA:137,0
DA:138,0
DA:139,0
DA:141,0
DA:142,0
DA:144,0
BRDA:136,19,0,0
BRDA:136,19,1,0
FN:132,System.Void SpaceBattle.Lib.SoftStopCommand::.ctor(SpaceBattle.Lib.MyThread)
FNDA:0,System.Void SpaceBattle.Lib.SoftStopCommand::.ctor(SpaceBattle.Lib.MyThread)
DA:133,0
FN:152,SpaceBattle.Lib.ICommand SpaceBattle.Lib.ReceiveAdapter::Receive()
FNDA:0,SpaceBattle.Lib.ICommand SpaceBattle.Lib.ReceiveAdapter::Receive()
DA:153,0
DA:154,0
DA:155,0
FN:157,System.Boolean SpaceBattle.Lib.ReceiveAdapter::isEmpty()
FNDA:0,System.Boolean SpaceBattle.Lib.ReceiveAdapter::isEmpty()
DA:158,0
DA:159,0
DA:160,0
FN:162,System.Void SpaceBattle.Lib.ReceiveAdapter::Push(SpaceBattle.Lib.ICommand)
FNDA:0,System.Void SpaceBattle.Lib.ReceiveAdapter::Push(SpaceBattle.Lib.ICommand)
DA:163,0
DA:164,0
DA:165,0
FN:149,System.Void SpaceBattle.Lib.ReceiveAdapter::.ctor(System.Collections.Concurrent.BlockingCollection`1<SpaceBattle.Lib.ICommand>)
FNDA:0,System.Void SpaceBattle.Lib.ReceiveAdapter::.ctor(System.Collections.Concurrent.BlockingCollection`1<SpaceBattle.Lib.ICommand>)
DA:150,0
LF:79
LH:0
BRF:6
BRH:0
FNF:19
FNH:0
end_of_record
SF:C:\OOAiP\SpaceBattle.Lib\Strategies\CreateAndStartThreadStrategy.cs
FN:5,System.Object SpaceBattle.Lib.CreateAndStartThreadStrategy::RunStrategy(System.Object[])
FNDA:0,System.Object SpaceBattle.Lib.CreateAndStartThreadStrategy::RunStrategy(System.Object[])
DA:6,0
DA:7,0
DA:9,0
DA:11,0
DA:12,0
LF:5
LH:0
BRF:0
BRH:0
FNF:1
FNH:0
end_of_record
SF:C:\OOAiP\SpaceBattle.Lib\Strategies\GetDifferenceStrategy.cs
FN:6,System.Object SpaceBattle.Lib.GetDifferenceStrategy::RunStrategy(System.Object[])
FNDA:0,System.Object SpaceBattle.Lib.GetDifferenceStrategy::RunStrategy(System.Object[])
DA:7,0
DA:8,0
DA:9,0
DA:10,0
DA:11,0
DA:12,0
DA:13,0
DA:14,0
DA:15,0
DA:16,0
DA:17,0
LF:11
LH:0
BRF:0
BRH:0
FNF:1
FNH:0
end_of_record
SF:C:\OOAiP\SpaceBattle.Lib\Strategies\GetPropertyStrategy.cs
FN:3,System.Object SpaceBattle.Lib.GetPropertyStrategy::RunStrategy(System.Object[])
FNDA:0,System.Object SpaceBattle.Lib.GetPropertyStrategy::RunStrategy(System.Object[])
DA:4,0
DA:5,0
DA:6,0
DA:7,0
DA:8,0
LF:5
LH:0
BRF:0
BRH:0
FNF:1
FNH:0
end_of_record
SF:C:\OOAiP\SpaceBattle.Lib\Strategies\HardStopThreadStrategy.cs
FN:5,System.Object SpaceBattle.Lib.HardStopThreadStrategy::RunStrategy(System.Object[])
FNDA:0,System.Object SpaceBattle.Lib.HardStopThreadStrategy::RunStrategy(System.Object[])
DA:6,0
DA:7,0
DA:9,0
DA:11,0
DA:12,0
LF:5
LH:0
BRF:0
BRH:0
FNF:1
FNH:0
end_of_record
SF:C:\OOAiP\SpaceBattle.Lib\Strategies\SendCommandStrategy.cs
FN:6,System.Object SpaceBattle.Lib.SendCommandStrategy::RunStrategy(System.Object[])
FNDA:0,System.Object SpaceBattle.Lib.SendCommandStrategy::RunStrategy(System.Object[])
DA:7,0
DA:8,0
DA:10,0
DA:12,0
DA:16,0
DA:18,0
DA:19,0
LF:7
LH:0
BRF:0
BRH:0
FNF:1
FNH:0
end_of_record
SF:C:\OOAiP\SpaceBattle.Lib\Strategies\SoftStopThreadStrategy.cs
FN:6,System.Object SpaceBattle.Lib.SoftStopThreadStrategy::RunStrategy(System.Object[])
FNDA:0,System.Object SpaceBattle.Lib.SoftStopThreadStrategy::RunStrategy(System.Object[])
DA:7,0
DA:8,0
DA:10,0
DA:12,0
DA:13,0
LF:5
LH:0
BRF:0
BRH:0
FNF:1
FNH:0
end_of_record
SF:C:\OOAiP\SpaceBattle.Lib\Vector.cs
FN:13,System.Int32 SpaceBattle.Lib.Vector::get_Item(System.Int32)
FNDA:0,System.Int32 SpaceBattle.Lib.Vector::get_Item(System.Int32)
DA:14,0
DA:15,0
DA:16,0
FN:17,System.Void SpaceBattle.Lib.Vector::set_Item(System.Int32,System.Int32)
FNDA:0,System.Void SpaceBattle.Lib.Vector::set_Item(System.Int32,System.Int32)
DA:18,0
DA:19,0
DA:20,0
FN:22,SpaceBattle.Lib.Vector SpaceBattle.Lib.Vector::op_Addition(SpaceBattle.Lib.Vector,SpaceBattle.Lib.Vector)
FNDA:0,SpaceBattle.Lib.Vector SpaceBattle.Lib.Vector::op_Addition(SpaceBattle.Lib.Vector,SpaceBattle.Lib.Vector)
DA:23,0
DA:24,0
DA:25,0
DA:26,0
DA:28,0
DA:29,0
BRDA:24,20,0,0
BRDA:24,20,1,0
BRDA:26,77,1,0
BRDA:26,77,0,0
FN:30,SpaceBattle.Lib.Vector SpaceBattle.Lib.Vector::op_Subtraction(SpaceBattle.Lib.Vector,SpaceBattle.Lib.Vector)
FNDA:0,SpaceBattle.Lib.Vector SpaceBattle.Lib.Vector::op_Subtraction(SpaceBattle.Lib.Vector,SpaceBattle.Lib.Vector)
DA:31,0
DA:32,0
DA:33,0
DA:34,0
DA:36,0
DA:37,0
BRDA:32,20,0,0
BRDA:32,20,1,0
BRDA:34,77,1,0
BRDA:34,77,0,0
FN:38,System.Boolean SpaceBattle.Lib.Vector::op_Equality(SpaceBattle.Lib.Vector,SpaceBattle.Lib.Vector)
FNDA:0,System.Boolean SpaceBattle.Lib.Vector::op_Equality(SpaceBattle.Lib.Vector,SpaceBattle.Lib.Vector)
DA:39,0
DA:40,0
DA:41,0
DA:42,0
DA:43,0
DA:44,0
BRDA:40,20,0,0
BRDA:40,20,1,0
BRDA:41,74,1,0
BRDA:42,51,0,0
BRDA:42,51,1,0
BRDA:41,74,0,0
FN:45,System.Boolean SpaceBattle.Lib.Vector::op_Inequality(SpaceBattle.Lib.Vector,SpaceBattle.Lib.Vector)
FNDA:0,System.Boolean SpaceBattle.Lib.Vector::op_Inequality(SpaceBattle.Lib.Vector,SpaceBattle.Lib.Vector)
DA:46,0
DA:47,0
DA:48,0
FN:49,System.Boolean SpaceBattle.Lib.Vector::Equals(System.Object)
FNDA:0,System.Boolean SpaceBattle.Lib.Vector::Equals(System.Object)
DA:50,0
BRDA:50,8,0,0
BRDA:50,8,1,0
FN:52,System.Int32 SpaceBattle.Lib.Vector::GetHashCode()
FNDA:0,System.Int32 SpaceBattle.Lib.Vector::GetHashCode()
DA:53,0
DA:54,0
DA:55,0
FN:5,System.Void SpaceBattle.Lib.Vector::.ctor(System.Int32[])
FNDA:0,System.Void SpaceBattle.Lib.Vector::.ctor(System.Int32[])
DA:6,0
DA:7,0
DA:8,0
DA:9,0
DA:10,0
LF:36
LH:0
BRF:16
BRH:0
FNF:9
FNH:0
end_of_record