<?xml version="1.0" encoding="utf-8"?>
<coverage line-rate="0.0315" branch-rate="0" version="1.9" timestamp="1747484510" lines-covered="10" lines-valid="317" branches-covered="0" branches-valid="68">
  <sources>
    <source>C:\ooaip\OOAIP\</source>
  </sources>
  <packages>
    <package name="Endpoint" line-rate="1" branch-rate="1" complexity="5">
      <classes>
        <class name="Endpoint.EndPoint" filename="Endpoint\EndPoint.cs" line-rate="1" branch-rate="1" complexity="1">
          <methods>
            <method name="HttpCommand" signature="(Endpoint.Message)" line-rate="1" branch-rate="1" complexity="1">
              <lines>
                <line number="15" hits="10" branch="False" />
                <line number="16" hits="10" branch="False" />
                <line number="17" hits="8" branch="False" />
                <line number="18" hits="6" branch="False" />
                <line number="19" hits="1" branch="False" />
                <line number="20" hits="1" branch="False" />
              </lines>
            </method>
          </methods>
          <lines>
            <line number="15" hits="10" branch="False" />
            <line number="16" hits="10" branch="False" />
            <line number="17" hits="8" branch="False" />
            <line number="18" hits="6" branch="False" />
            <line number="19" hits="1" branch="False" />
            <line number="20" hits="1" branch="False" />
          </lines>
        </class>
        <class name="Endpoint.Message" filename="Endpoint\Message.cs" line-rate="1" branch-rate="1" complexity="4">
          <methods>
            <method name="get_Type" signature="()" line-rate="1" branch-rate="1" complexity="1">
              <lines>
                <line number="19" hits="2" branch="False" />
              </lines>
            </method>
            <method name="get_GameID" signature="()" line-rate="1" branch-rate="1" complexity="1">
              <lines>
                <line number="25" hits="12" branch="False" />
              </lines>
            </method>
            <method name="get_GameItemID" signature="()" line-rate="1" branch-rate="1" complexity="1">
              <lines>
                <line number="31" hits="2" branch="False" />
              </lines>
            </method>
            <method name="get_Properties" signature="()" line-rate="1" branch-rate="1" complexity="1">
              <lines>
                <line number="37" hits="2" branch="False" />
              </lines>
            </method>
          </methods>
          <lines>
            <line number="19" hits="2" branch="False" />
            <line number="25" hits="12" branch="False" />
            <line number="31" hits="2" branch="False" />
            <line number="37" hits="2" branch="False" />
          </lines>
        </class>
      </classes>
    </package>
    <package name="SpaceBattle.Lib" line-rate="0" branch-rate="0" complexity="106">
      <classes>
        <class name="SpaceBattle.Lib.CheckCollision" filename="SpaceBattle.Lib\CheckCollision.cs" line-rate="0" branch-rate="0" complexity="3">
          <methods>
            <method name="execute" signature="()" line-rate="0" branch-rate="0" complexity="2">
              <lines>
                <line number="12" hits="0" branch="False" />
                <line number="13" hits="0" branch="False" />
                <line number="14" hits="0" branch="False" />
                <line number="15" hits="0" branch="True" condition-coverage="0% (0/2)">
                  <conditions>
                    <condition number="60" type="jump" coverage="0%" />
                  </conditions>
                </line>
                <line number="16" hits="0" branch="False" />
              </lines>
            </method>
            <method name=".ctor" signature="(SpaceBattle.Lib.IUObject,SpaceBattle.Lib.IUObject)" line-rate="0" branch-rate="1" complexity="1">
              <lines>
                <line number="7" hits="0" branch="False" />
                <line number="8" hits="0" branch="False" />
                <line number="9" hits="0" branch="False" />
                <line number="10" hits="0" branch="False" />
              </lines>
            </method>
          </methods>
          <lines>
            <line number="12" hits="0" branch="False" />
            <line number="13" hits="0" branch="False" />
            <line number="14" hits="0" branch="False" />
            <line number="15" hits="0" branch="True" condition-coverage="0% (0/2)">
              <conditions>
                <condition number="60" type="jump" coverage="0%" />
              </conditions>
            </line>
            <line number="16" hits="0" branch="False" />
            <line number="7" hits="0" branch="False" />
            <line number="8" hits="0" branch="False" />
            <line number="9" hits="0" branch="False" />
            <line number="10" hits="0" branch="False" />
          </lines>
        </class>
        <class name="SpaceBattle.Lib.BuildMacroCommandStrategy" filename="SpaceBattle.Lib\MarcoCommand\BuildMacroCommandStrategy.cs" line-rate="0" branch-rate="0" complexity="2">
          <methods>
            <method name="RunStrategy" signature="(System.Object[])" line-rate="0" branch-rate="0" complexity="2">
              <lines>
                <line number="8" hits="0" branch="False" />
                <line number="9" hits="0" branch="False" />
                <line number="10" hits="0" branch="False" />
                <line number="12" hits="0" branch="False" />
                <line number="14" hits="0" branch="False" />
                <line number="15" hits="0" branch="True" condition-coverage="0% (0/2)">
                  <conditions>
                    <condition number="100" type="jump" coverage="0%" />
                  </conditions>
                </line>
                <line number="16" hits="0" branch="False" />
                <line number="17" hits="0" branch="False" />
                <line number="18" hits="0" branch="False" />
                <line number="20" hits="0" branch="False" />
                <line number="21" hits="0" branch="False" />
              </lines>
            </method>
          </methods>
          <lines>
            <line number="8" hits="0" branch="False" />
            <line number="9" hits="0" branch="False" />
            <line number="10" hits="0" branch="False" />
            <line number="12" hits="0" branch="False" />
            <line number="14" hits="0" branch="False" />
            <line number="15" hits="0" branch="True" condition-coverage="0% (0/2)">
              <conditions>
                <condition number="100" type="jump" coverage="0%" />
              </conditions>
            </line>
            <line number="16" hits="0" branch="False" />
            <line number="17" hits="0" branch="False" />
            <line number="18" hits="0" branch="False" />
            <line number="20" hits="0" branch="False" />
            <line number="21" hits="0" branch="False" />
          </lines>
        </class>
        <class name="SpaceBattle.Lib.MacroCommand" filename="SpaceBattle.Lib\MarcoCommand\MacroCommand.cs" line-rate="0" branch-rate="0" complexity="3">
          <methods>
            <method name="execute" signature="()" line-rate="0" branch-rate="0" complexity="2">
              <lines>
                <line number="12" hits="0" branch="False" />
                <line number="13" hits="0" branch="True" condition-coverage="0% (0/2)">
                  <conditions>
                    <condition number="38" type="jump" coverage="0%" />
                  </conditions>
                </line>
                <line number="14" hits="0" branch="False" />
                <line number="15" hits="0" branch="False" />
                <line number="16" hits="0" branch="False" />
                <line number="17" hits="0" branch="False" />
              </lines>
            </method>
            <method name=".ctor" signature="(System.Collections.Generic.IList`1&lt;SpaceBattle.Lib.ICommand&gt;)" line-rate="0" branch-rate="1" complexity="1">
              <lines>
                <line number="7" hits="0" branch="False" />
                <line number="8" hits="0" branch="False" />
                <line number="9" hits="0" branch="False" />
                <line number="10" hits="0" branch="False" />
              </lines>
            </method>
          </methods>
          <lines>
            <line number="12" hits="0" branch="False" />
            <line number="13" hits="0" branch="True" condition-coverage="0% (0/2)">
              <conditions>
                <condition number="38" type="jump" coverage="0%" />
              </conditions>
            </line>
            <line number="14" hits="0" branch="False" />
            <line number="15" hits="0" branch="False" />
            <line number="16" hits="0" branch="False" />
            <line number="17" hits="0" branch="False" />
            <line number="7" hits="0" branch="False" />
            <line number="8" hits="0" branch="False" />
            <line number="9" hits="0" branch="False" />
            <line number="10" hits="0" branch="False" />
          </lines>
        </class>
        <class name="SpaceBattle.Lib.MoveCommand" filename="SpaceBattle.Lib\Move\MoveCommand.cs" line-rate="0" branch-rate="1" complexity="2">
          <methods>
            <method name="execute" signature="()" line-rate="0" branch-rate="1" complexity="1">
              <lines>
                <line number="9" hits="0" branch="False" />
              </lines>
            </method>
            <method name=".ctor" signature="(SpaceBattle.Lib.IMovable)" line-rate="0" branch-rate="1" complexity="1">
              <lines>
                <line number="7" hits="0" branch="False" />
              </lines>
            </method>
          </methods>
          <lines>
            <line number="9" hits="0" branch="False" />
            <line number="7" hits="0" branch="False" />
          </lines>
        </class>
        <class name="SpaceBattle.Lib.RotateCommand" filename="SpaceBattle.Lib\Rotate\RotateCommand.cs" line-rate="0" branch-rate="1" complexity="2">
          <methods>
            <method name="execute" signature="()" line-rate="0" branch-rate="1" complexity="1">
              <lines>
                <line number="9" hits="0" branch="False" />
                <line number="10" hits="0" branch="False" />
                <line number="11" hits="0" branch="False" />
              </lines>
            </method>
            <method name=".ctor" signature="(SpaceBattle.Lib.IRotable)" line-rate="0" branch-rate="1" complexity="1">
              <lines>
                <line number="7" hits="0" branch="False" />
              </lines>
            </method>
          </methods>
          <lines>
            <line number="9" hits="0" branch="False" />
            <line number="10" hits="0" branch="False" />
            <line number="11" hits="0" branch="False" />
            <line number="7" hits="0" branch="False" />
          </lines>
        </class>
        <class name="SpaceBattle.Lib.Ugle" filename="SpaceBattle.Lib\Rotate\Ugle.cs" line-rate="0" branch-rate="0" complexity="30">
          <methods>
            <method name="op_Addition" signature="(SpaceBattle.Lib.Ugle,SpaceBattle.Lib.Ugle)" line-rate="0" branch-rate="0" complexity="8">
              <lines>
                <line number="29" hits="0" branch="False" />
                <line number="30" hits="0" branch="True" condition-coverage="0% (0/8)">
                  <conditions>
                    <condition number="8" type="jump" coverage="0%" />
                    <condition number="17" type="jump" coverage="0%" />
                    <condition number="26" type="jump" coverage="0%" />
                    <condition number="42" type="jump" coverage="0%" />
                  </conditions>
                </line>
                <line number="31" hits="0" branch="False" />
                <line number="32" hits="0" branch="False" />
                <line number="33" hits="0" branch="False" />
                <line number="34" hits="0" branch="False" />
                <line number="35" hits="0" branch="False" />
              </lines>
            </method>
            <method name="Equals" signature="(System.Object)" line-rate="0" branch-rate="0" complexity="8">
              <lines>
                <line number="48" hits="0" branch="False" />
                <line number="49" hits="0" branch="True" condition-coverage="0% (0/2)">
                  <conditions>
                    <condition number="7" type="jump" coverage="0%" />
                  </conditions>
                </line>
                <line number="51" hits="0" branch="True" condition-coverage="0% (0/2)">
                  <conditions>
                    <condition number="21" type="jump" coverage="0%" />
                  </conditions>
                </line>
                <line number="53" hits="0" branch="False" />
                <line number="54" hits="0" branch="True" condition-coverage="0% (0/2)">
                  <conditions>
                    <condition number="46" type="jump" coverage="0%" />
                  </conditions>
                </line>
                <line number="55" hits="0" branch="True" condition-coverage="0% (0/2)">
                  <conditions>
                    <condition number="84" type="jump" coverage="0%" />
                  </conditions>
                </line>
                <line number="56" hits="0" branch="False" />
                <line number="57" hits="0" branch="False" />
                <line number="58" hits="0" branch="False" />
                <line number="60" hits="0" branch="False" />
              </lines>
            </method>
            <method name="GetHashCode" signature="()" line-rate="0" branch-rate="1" complexity="1">
              <lines>
                <line number="63" hits="0" branch="False" />
                <line number="64" hits="0" branch="False" />
                <line number="65" hits="0" branch="False" />
              </lines>
            </method>
            <method name=".ctor" signature="()" line-rate="0" branch-rate="1" complexity="1">
              <lines>
                <line number="4" hits="0" branch="False" />
                <line number="5" hits="0" branch="False" />
                <line number="6" hits="0" branch="False" />
              </lines>
            </method>
            <method name=".ctor" signature="(System.Int32,System.Int32)" line-rate="0" branch-rate="0" complexity="12">
              <lines>
                <line number="7" hits="0" branch="False" />
                <line number="8" hits="0" branch="True" condition-coverage="0% (0/2)">
                  <conditions>
                    <condition number="28" type="jump" coverage="0%" />
                  </conditions>
                </line>
                <line number="9" hits="0" branch="False" />
                <line number="10" hits="0" branch="False" />
                <line number="11" hits="0" branch="False" />
                <line number="12" hits="0" branch="True" condition-coverage="0% (0/2)">
                  <conditions>
                    <condition number="66" type="jump" coverage="0%" />
                  </conditions>
                </line>
                <line number="13" hits="0" branch="False" />
                <line number="14" hits="0" branch="False" />
                <line number="15" hits="0" branch="True" condition-coverage="0% (0/2)">
                  <conditions>
                    <condition number="80" type="jump" coverage="0%" />
                  </conditions>
                </line>
                <line number="16" hits="0" branch="False" />
                <line number="17" hits="0" branch="False" />
                <line number="18" hits="0" branch="True" condition-coverage="0% (0/2)">
                  <conditions>
                    <condition number="148" type="jump" coverage="0%" />
                  </conditions>
                </line>
                <line number="19" hits="0" branch="True" condition-coverage="0% (0/4)">
                  <conditions>
                    <condition number="103" type="jump" coverage="0%" />
                    <condition number="118" type="jump" coverage="0%" />
                  </conditions>
                </line>
                <line number="20" hits="0" branch="False" />
                <line number="21" hits="0" branch="False" />
                <line number="22" hits="0" branch="False" />
                <line number="23" hits="0" branch="False" />
                <line number="24" hits="0" branch="False" />
                <line number="25" hits="0" branch="False" />
                <line number="26" hits="0" branch="False" />
                <line number="27" hits="0" branch="False" />
              </lines>
            </method>
          </methods>
          <lines>
            <line number="29" hits="0" branch="False" />
            <line number="30" hits="0" branch="True" condition-coverage="0% (0/8)">
              <conditions>
                <condition number="8" type="jump" coverage="0%" />
                <condition number="17" type="jump" coverage="0%" />
                <condition number="26" type="jump" coverage="0%" />
                <condition number="42" type="jump" coverage="0%" />
              </conditions>
            </line>
            <line number="31" hits="0" branch="False" />
            <line number="32" hits="0" branch="False" />
            <line number="33" hits="0" branch="False" />
            <line number="34" hits="0" branch="False" />
            <line number="35" hits="0" branch="False" />
            <line number="48" hits="0" branch="False" />
            <line number="49" hits="0" branch="True" condition-coverage="0% (0/2)">
              <conditions>
                <condition number="7" type="jump" coverage="0%" />
              </conditions>
            </line>
            <line number="51" hits="0" branch="True" condition-coverage="0% (0/2)">
              <conditions>
                <condition number="21" type="jump" coverage="0%" />
              </conditions>
            </line>
            <line number="53" hits="0" branch="False" />
            <line number="54" hits="0" branch="True" condition-coverage="0% (0/2)">
              <conditions>
                <condition number="46" type="jump" coverage="0%" />
              </conditions>
            </line>
            <line number="55" hits="0" branch="True" condition-coverage="0% (0/2)">
              <conditions>
                <condition number="84" type="jump" coverage="0%" />
              </conditions>
            </line>
            <line number="56" hits="0" branch="False" />
            <line number="57" hits="0" branch="False" />
            <line number="58" hits="0" branch="False" />
            <line number="60" hits="0" branch="False" />
            <line number="63" hits="0" branch="False" />
            <line number="64" hits="0" branch="False" />
            <line number="65" hits="0" branch="False" />
            <line number="4" hits="0" branch="False" />
            <line number="5" hits="0" branch="False" />
            <line number="6" hits="0" branch="False" />
            <line number="7" hits="0" branch="False" />
            <line number="8" hits="0" branch="True" condition-coverage="0% (0/2)">
              <conditions>
                <condition number="28" type="jump" coverage="0%" />
              </conditions>
            </line>
            <line number="9" hits="0" branch="False" />
            <line number="10" hits="0" branch="False" />
            <line number="11" hits="0" branch="False" />
            <line number="12" hits="0" branch="True" condition-coverage="0% (0/2)">
              <conditions>
                <condition number="66" type="jump" coverage="0%" />
              </conditions>
            </line>
            <line number="13" hits="0" branch="False" />
            <line number="14" hits="0" branch="False" />
            <line number="15" hits="0" branch="True" condition-coverage="0% (0/2)">
              <conditions>
                <condition number="80" type="jump" coverage="0%" />
              </conditions>
            </line>
            <line number="16" hits="0" branch="False" />
            <line number="17" hits="0" branch="False" />
            <line number="18" hits="0" branch="True" condition-coverage="0% (0/2)">
              <conditions>
                <condition number="148" type="jump" coverage="0%" />
              </conditions>
            </line>
            <line number="19" hits="0" branch="True" condition-coverage="0% (0/4)">
              <conditions>
                <condition number="103" type="jump" coverage="0%" />
                <condition number="118" type="jump" coverage="0%" />
              </conditions>
            </line>
            <line number="20" hits="0" branch="False" />
            <line number="21" hits="0" branch="False" />
            <line number="22" hits="0" branch="False" />
            <line number="23" hits="0" branch="False" />
            <line number="24" hits="0" branch="False" />
            <line number="25" hits="0" branch="False" />
            <line number="26" hits="0" branch="False" />
            <line number="27" hits="0" branch="False" />
          </lines>
        </class>
        <class name="SpaceBattle.Lib.ActionCommand" filename="SpaceBattle.Lib\ServerThread\ActionCommand.cs" line-rate="0" branch-rate="1" complexity="2">
          <methods>
            <method name="execute" signature="()" line-rate="0" branch-rate="1" complexity="1">
              <lines>
                <line number="15" hits="0" branch="False" />
                <line number="16" hits="0" branch="False" />
                <line number="17" hits="0" branch="False" />
              </lines>
            </method>
            <method name=".ctor" signature="(System.Action`1&lt;System.Object[]&gt;,System.Object[])" line-rate="0" branch-rate="1" complexity="1">
              <lines>
                <line number="8" hits="0" branch="False" />
                <line number="9" hits="0" branch="False" />
                <line number="10" hits="0" branch="False" />
                <line number="11" hits="0" branch="False" />
                <line number="12" hits="0" branch="False" />
              </lines>
            </method>
          </methods>
          <lines>
            <line number="15" hits="0" branch="False" />
            <line number="16" hits="0" branch="False" />
            <line number="17" hits="0" branch="False" />
            <line number="8" hits="0" branch="False" />
            <line number="9" hits="0" branch="False" />
            <line number="10" hits="0" branch="False" />
            <line number="11" hits="0" branch="False" />
            <line number="12" hits="0" branch="False" />
          </lines>
        </class>
        <class name="SpaceBattle.Lib.CreateAndStartThreadCommand" filename="SpaceBattle.Lib\ServerThread\CreateAndStartThreadCommand.cs" line-rate="0" branch-rate="1" complexity="2">
          <methods>
            <method name="execute" signature="()" line-rate="0" branch-rate="1" complexity="1">
              <lines>
                <line number="11" hits="0" branch="False" />
                <line number="12" hits="0" branch="False" />
                <line number="13" hits="0" branch="False" />
                <line number="14" hits="0" branch="False" />
                <line number="15" hits="0" branch="False" />
                <line number="16" hits="0" branch="False" />
                <line number="17" hits="0" branch="False" />
                <line number="18" hits="0" branch="False" />
                <line number="19" hits="0" branch="False" />
                <line number="20" hits="0" branch="False" />
                <line number="21" hits="0" branch="False" />
              </lines>
            </method>
            <method name=".ctor" signature="(System.String)" line-rate="0" branch-rate="1" complexity="1">
              <lines>
                <line number="9" hits="0" branch="False" />
              </lines>
            </method>
          </methods>
          <lines>
            <line number="11" hits="0" branch="False" />
            <line number="12" hits="0" branch="False" />
            <line number="13" hits="0" branch="False" />
            <line number="14" hits="0" branch="False" />
            <line number="15" hits="0" branch="False" />
            <line number="16" hits="0" branch="False" />
            <line number="17" hits="0" branch="False" />
            <line number="18" hits="0" branch="False" />
            <line number="19" hits="0" branch="False" />
            <line number="20" hits="0" branch="False" />
            <line number="21" hits="0" branch="False" />
            <line number="9" hits="0" branch="False" />
          </lines>
        </class>
        <class name="SpaceBattle.Lib.HardStopCommand" filename="SpaceBattle.Lib\ServerThread\HardStopCommad.cs" line-rate="0" branch-rate="1" complexity="2">
          <methods>
            <method name="execute" signature="()" line-rate="0" branch-rate="1" complexity="1">
              <lines>
                <line number="8" hits="0" branch="False" />
                <line number="9" hits="0" branch="False" />
                <line number="10" hits="0" branch="False" />
              </lines>
            </method>
            <method name=".ctor" signature="(SpaceBattle.Lib.MyThread)" line-rate="0" branch-rate="1" complexity="1">
              <lines>
                <line number="6" hits="0" branch="False" />
              </lines>
            </method>
          </methods>
          <lines>
            <line number="8" hits="0" branch="False" />
            <line number="9" hits="0" branch="False" />
            <line number="10" hits="0" branch="False" />
            <line number="6" hits="0" branch="False" />
          </lines>
        </class>
        <class name="SpaceBattle.Lib.MyThread" filename="SpaceBattle.Lib\ServerThread\MyThread.cs" line-rate="0" branch-rate="0" complexity="9">
          <methods>
            <method name="Stop" signature="()" line-rate="0" branch-rate="1" complexity="1">
              <lines>
                <line number="14" hits="0" branch="False" />
                <line number="15" hits="0" branch="False" />
                <line number="16" hits="0" branch="False" />
              </lines>
            </method>
            <method name="HandleCommand" signature="()" line-rate="0" branch-rate="0" complexity="2">
              <lines>
                <line number="19" hits="0" branch="False" />
                <line number="20" hits="0" branch="False" />
                <line number="22" hits="0" branch="False" />
                <line number="23" hits="0" branch="True" condition-coverage="0% (0/2)">
                  <conditions>
                    <condition number="15" type="jump" coverage="0%" />
                  </conditions>
                </line>
                <line number="24" hits="0" branch="False" />
                <line number="25" hits="0" branch="False" />
                <line number="26" hits="0" branch="False" />
                <line number="27" hits="0" branch="False" />
                <line number="28" hits="0" branch="False" />
                <line number="29" hits="0" branch="False" />
              </lines>
            </method>
            <method name="UpdateBehaviour" signature="(System.Action)" line-rate="0" branch-rate="1" complexity="1">
              <lines>
                <line number="48" hits="0" branch="False" />
                <line number="49" hits="0" branch="False" />
                <line number="50" hits="0" branch="False" />
              </lines>
            </method>
            <method name="execute" signature="()" line-rate="0" branch-rate="1" complexity="1">
              <lines>
                <line number="52" hits="0" branch="False" />
                <line number="53" hits="0" branch="False" />
                <line number="54" hits="0" branch="False" />
              </lines>
            </method>
            <method name="&lt;.ctor&gt;b__6_0" signature="()" line-rate="0" branch-rate="1" complexity="1">
              <lines>
                <line number="34" hits="0" branch="False" />
                <line number="35" hits="0" branch="False" />
                <line number="36" hits="0" branch="False" />
              </lines>
            </method>
            <method name="&lt;.ctor&gt;b__6_1" signature="()" line-rate="0" branch-rate="0" complexity="2">
              <lines>
                <line number="39" hits="0" branch="False" />
                <line number="40" hits="0" branch="True" condition-coverage="0% (0/2)">
                  <conditions>
                    <condition number="28" type="jump" coverage="0%" />
                  </conditions>
                </line>
                <line number="41" hits="0" branch="False" />
                <line number="42" hits="0" branch="False" />
                <line number="43" hits="0" branch="False" />
                <line number="44" hits="0" branch="False" />
              </lines>
            </method>
            <method name=".ctor" signature="(SpaceBattle.Lib.IReceiver)" line-rate="0" branch-rate="1" complexity="1">
              <lines>
                <line number="11" hits="0" branch="False" />
                <line number="30" hits="0" branch="False" />
                <line number="31" hits="0" branch="False" />
                <line number="32" hits="0" branch="False" />
                <line number="33" hits="0" branch="False" />
                <line number="38" hits="0" branch="False" />
                <line number="45" hits="0" branch="False" />
                <line number="46" hits="0" branch="False" />
              </lines>
            </method>
          </methods>
          <lines>
            <line number="14" hits="0" branch="False" />
            <line number="15" hits="0" branch="False" />
            <line number="16" hits="0" branch="False" />
            <line number="19" hits="0" branch="False" />
            <line number="20" hits="0" branch="False" />
            <line number="22" hits="0" branch="False" />
            <line number="23" hits="0" branch="True" condition-coverage="0% (0/2)">
              <conditions>
                <condition number="15" type="jump" coverage="0%" />
              </conditions>
            </line>
            <line number="24" hits="0" branch="False" />
            <line number="25" hits="0" branch="False" />
            <line number="26" hits="0" branch="False" />
            <line number="27" hits="0" branch="False" />
            <line number="28" hits="0" branch="False" />
            <line number="29" hits="0" branch="False" />
            <line number="48" hits="0" branch="False" />
            <line number="49" hits="0" branch="False" />
            <line number="50" hits="0" branch="False" />
            <line number="52" hits="0" branch="False" />
            <line number="53" hits="0" branch="False" />
            <line number="54" hits="0" branch="False" />
            <line number="34" hits="0" branch="False" />
            <line number="35" hits="0" branch="False" />
            <line number="36" hits="0" branch="False" />
            <line number="39" hits="0" branch="False" />
            <line number="40" hits="0" branch="True" condition-coverage="0% (0/2)">
              <conditions>
                <condition number="28" type="jump" coverage="0%" />
              </conditions>
            </line>
            <line number="41" hits="0" branch="False" />
            <line number="42" hits="0" branch="False" />
            <line number="43" hits="0" branch="False" />
            <line number="44" hits="0" branch="False" />
            <line number="11" hits="0" branch="False" />
            <line number="30" hits="0" branch="False" />
            <line number="31" hits="0" branch="False" />
            <line number="32" hits="0" branch="False" />
            <line number="33" hits="0" branch="False" />
            <line number="38" hits="0" branch="False" />
            <line number="45" hits="0" branch="False" />
            <line number="46" hits="0" branch="False" />
          </lines>
        </class>
        <class name="SpaceBattle.Lib.ReceiveAdapter" filename="SpaceBattle.Lib\ServerThread\ReceiveAdapter.cs" line-rate="0" branch-rate="1" complexity="3">
          <methods>
            <method name="Receive" signature="()" line-rate="0" branch-rate="1" complexity="1">
              <lines>
                <line number="11" hits="0" branch="False" />
                <line number="12" hits="0" branch="False" />
                <line number="13" hits="0" branch="False" />
              </lines>
            </method>
            <method name="isEmpty" signature="()" line-rate="0" branch-rate="1" complexity="1">
              <lines>
                <line number="16" hits="0" branch="False" />
                <line number="17" hits="0" branch="False" />
                <line number="18" hits="0" branch="False" />
              </lines>
            </method>
            <method name=".ctor" signature="(System.Collections.Concurrent.BlockingCollection`1&lt;SpaceBattle.Lib.ICommand&gt;)" line-rate="0" branch-rate="1" complexity="1">
              <lines>
                <line number="8" hits="0" branch="False" />
              </lines>
            </method>
          </methods>
          <lines>
            <line number="11" hits="0" branch="False" />
            <line number="12" hits="0" branch="False" />
            <line number="13" hits="0" branch="False" />
            <line number="16" hits="0" branch="False" />
            <line number="17" hits="0" branch="False" />
            <line number="18" hits="0" branch="False" />
            <line number="8" hits="0" branch="False" />
          </lines>
        </class>
        <class name="SpaceBattle.Lib.SendCommand" filename="SpaceBattle.Lib\ServerThread\SendCommad.cs" line-rate="0" branch-rate="1" complexity="2">
          <methods>
            <method name="Send" signature="(SpaceBattle.Lib.ICommand)" line-rate="0" branch-rate="1" complexity="1">
              <lines>
                <line number="14" hits="0" branch="False" />
                <line number="15" hits="0" branch="False" />
                <line number="16" hits="0" branch="False" />
              </lines>
            </method>
            <method name=".ctor" signature="(System.Collections.Concurrent.BlockingCollection`1&lt;SpaceBattle.Lib.ICommand&gt;)" line-rate="0" branch-rate="1" complexity="1">
              <lines>
                <line number="9" hits="0" branch="False" />
                <line number="10" hits="0" branch="False" />
                <line number="11" hits="0" branch="False" />
                <line number="12" hits="0" branch="False" />
              </lines>
            </method>
          </methods>
          <lines>
            <line number="14" hits="0" branch="False" />
            <line number="15" hits="0" branch="False" />
            <line number="16" hits="0" branch="False" />
            <line number="9" hits="0" branch="False" />
            <line number="10" hits="0" branch="False" />
            <line number="11" hits="0" branch="False" />
            <line number="12" hits="0" branch="False" />
          </lines>
        </class>
        <class name="SpaceBattle.Lib.SoftStopCommand" filename="SpaceBattle.Lib\ServerThread\SoftStopCommand.cs" line-rate="0" branch-rate="0" complexity="4">
          <methods>
            <method name="execute" signature="()" line-rate="0" branch-rate="1" complexity="1">
              <lines>
                <line number="8" hits="0" branch="False" />
                <line number="9" hits="0" branch="False" />
                <line number="10" hits="0" branch="False" />
                <line number="11" hits="0" branch="False" />
                <line number="12" hits="0" branch="False" />
                <line number="13" hits="0" branch="False" />
                <line number="14" hits="0" branch="False" />
                <line number="15" hits="0" branch="False" />
                <line number="16" hits="0" branch="False" />
                <line number="17" hits="0" branch="False" />
                <line number="18" hits="0" branch="False" />
                <line number="19" hits="0" branch="False" />
                <line number="20" hits="0" branch="False" />
                <line number="21" hits="0" branch="False" />
                <line number="22" hits="0" branch="False" />
                <line number="23" hits="0" branch="False" />
                <line number="24" hits="0" branch="False" />
                <line number="25" hits="0" branch="False" />
              </lines>
            </method>
            <method name=".ctor" signature="(SpaceBattle.Lib.MyThread)" line-rate="0" branch-rate="1" complexity="1">
              <lines>
                <line number="6" hits="0" branch="False" />
              </lines>
            </method>
          </methods>
          <lines>
            <line number="8" hits="0" branch="False" />
            <line number="9" hits="0" branch="False" />
            <line number="10" hits="0" branch="False" />
            <line number="11" hits="0" branch="False" />
            <line number="12" hits="0" branch="False" />
            <line number="13" hits="0" branch="False" />
            <line number="14" hits="0" branch="False" />
            <line number="15" hits="0" branch="False" />
            <line number="16" hits="0" branch="False" />
            <line number="17" hits="0" branch="False" />
            <line number="18" hits="0" branch="False" />
            <line number="19" hits="0" branch="False" />
            <line number="20" hits="0" branch="False" />
            <line number="21" hits="0" branch="False" />
            <line number="22" hits="0" branch="False" />
            <line number="23" hits="0" branch="False" />
            <line number="24" hits="0" branch="False" />
            <line number="25" hits="0" branch="False" />
            <line number="6" hits="0" branch="False" />
          </lines>
        </class>
        <class name="SpaceBattle.Lib.UpdateBehaviourCommand" filename="SpaceBattle.Lib\ServerThread\UpdateBehaviourCommad.cs" line-rate="0" branch-rate="1" complexity="2">
          <methods>
            <method name="execute" signature="()" line-rate="0" branch-rate="1" complexity="1">
              <lines>
                <line number="18" hits="0" branch="False" />
                <line number="19" hits="0" branch="False" />
                <line number="20" hits="0" branch="False" />
              </lines>
            </method>
            <method name=".ctor" signature="(SpaceBattle.Lib.MyThread,System.Action)" line-rate="0" branch-rate="1" complexity="1">
              <lines>
                <line number="11" hits="0" branch="False" />
                <line number="12" hits="0" branch="False" />
                <line number="13" hits="0" branch="False" />
                <line number="14" hits="0" branch="False" />
                <line number="15" hits="0" branch="False" />
              </lines>
            </method>
          </methods>
          <lines>
            <line number="18" hits="0" branch="False" />
            <line number="19" hits="0" branch="False" />
            <line number="20" hits="0" branch="False" />
            <line number="11" hits="0" branch="False" />
            <line number="12" hits="0" branch="False" />
            <line number="13" hits="0" branch="False" />
            <line number="14" hits="0" branch="False" />
            <line number="15" hits="0" branch="False" />
          </lines>
        </class>
        <class name="SpaceBattle.Lib.StartCommand" filename="SpaceBattle.Lib\StartCommand\StartCommand.cs" line-rate="0" branch-rate="1" complexity="2">
          <methods>
            <method name="execute" signature="()" line-rate="0" branch-rate="1" complexity="1">
              <lines>
                <line number="14" hits="0" branch="False" />
                <line number="15" hits="0" branch="False" />
                <line number="16" hits="0" branch="False" />
                <line number="17" hits="0" branch="False" />
                <line number="18" hits="0" branch="False" />
                <line number="19" hits="0" branch="False" />
              </lines>
            </method>
            <method name=".ctor" signature="(SpaceBattle.Lib.IStartable)" line-rate="0" branch-rate="1" complexity="1">
              <lines>
                <line number="8" hits="0" branch="False" />
                <line number="9" hits="0" branch="False" />
                <line number="10" hits="0" branch="False" />
                <line number="11" hits="0" branch="False" />
              </lines>
            </method>
          </methods>
          <lines>
            <line number="14" hits="0" branch="False" />
            <line number="15" hits="0" branch="False" />
            <line number="16" hits="0" branch="False" />
            <line number="17" hits="0" branch="False" />
            <line number="18" hits="0" branch="False" />
            <line number="19" hits="0" branch="False" />
            <line number="8" hits="0" branch="False" />
            <line number="9" hits="0" branch="False" />
            <line number="10" hits="0" branch="False" />
            <line number="11" hits="0" branch="False" />
          </lines>
        </class>
        <class name="SpaceBattle.Lib.CreateAndStartThreadStrategy" filename="SpaceBattle.Lib\Strategies\CreateAndStartThreadStrategy.cs" line-rate="0" branch-rate="0" complexity="4">
          <methods>
            <method name="RunStrategy" signature="(System.Object[])" line-rate="0" branch-rate="0" complexity="4">
              <lines>
                <line number="6" hits="0" branch="False" />
                <line number="7" hits="0" branch="False" />
                <line number="8" hits="0" branch="False" />
                <line number="9" hits="0" branch="True" condition-coverage="0% (0/2)">
                  <conditions>
                    <condition number="36" type="jump" coverage="0%" />
                  </conditions>
                </line>
                <line number="10" hits="0" branch="False" />
                <line number="11" hits="0" branch="False" />
                <line number="12" hits="0" branch="False" />
                <line number="13" hits="0" branch="False" />
                <line number="14" hits="0" branch="False" />
                <line number="15" hits="0" branch="False" />
                <line number="16" hits="0" branch="False" />
                <line number="17" hits="0" branch="False" />
                <line number="18" hits="0" branch="False" />
                <line number="19" hits="0" branch="True" condition-coverage="0% (0/2)">
                  <conditions>
                    <condition number="36" type="jump" coverage="0%" />
                  </conditions>
                </line>
                <line number="20" hits="0" branch="False" />
                <line number="21" hits="0" branch="False" />
                <line number="22" hits="0" branch="False" />
                <line number="23" hits="0" branch="False" />
                <line number="24" hits="0" branch="False" />
              </lines>
            </method>
          </methods>
          <lines>
            <line number="6" hits="0" branch="False" />
            <line number="7" hits="0" branch="False" />
            <line number="8" hits="0" branch="False" />
            <line number="9" hits="0" branch="True" condition-coverage="0% (0/2)">
              <conditions>
                <condition number="36" type="jump" coverage="0%" />
              </conditions>
            </line>
            <line number="10" hits="0" branch="False" />
            <line number="11" hits="0" branch="False" />
            <line number="12" hits="0" branch="False" />
            <line number="13" hits="0" branch="False" />
            <line number="14" hits="0" branch="False" />
            <line number="15" hits="0" branch="False" />
            <line number="16" hits="0" branch="False" />
            <line number="17" hits="0" branch="False" />
            <line number="18" hits="0" branch="False" />
            <line number="19" hits="0" branch="True" condition-coverage="0% (0/2)">
              <conditions>
                <condition number="36" type="jump" coverage="0%" />
              </conditions>
            </line>
            <line number="20" hits="0" branch="False" />
            <line number="21" hits="0" branch="False" />
            <line number="22" hits="0" branch="False" />
            <line number="23" hits="0" branch="False" />
            <line number="24" hits="0" branch="False" />
          </lines>
        </class>
        <class name="SpaceBattle.Lib.GetDifferenceStrategy" filename="SpaceBattle.Lib\Strategies\GetDifferenceStrategy.cs" line-rate="0" branch-rate="1" complexity="1">
          <methods>
            <method name="RunStrategy" signature="(System.Object[])" line-rate="0" branch-rate="1" complexity="1">
              <lines>
                <line number="7" hits="0" branch="False" />
                <line number="8" hits="0" branch="False" />
                <line number="9" hits="0" branch="False" />
                <line number="10" hits="0" branch="False" />
                <line number="11" hits="0" branch="False" />
                <line number="12" hits="0" branch="False" />
                <line number="13" hits="0" branch="False" />
                <line number="14" hits="0" branch="False" />
                <line number="15" hits="0" branch="False" />
                <line number="16" hits="0" branch="False" />
                <line number="17" hits="0" branch="False" />
              </lines>
            </method>
          </methods>
          <lines>
            <line number="7" hits="0" branch="False" />
            <line number="8" hits="0" branch="False" />
            <line number="9" hits="0" branch="False" />
            <line number="10" hits="0" branch="False" />
            <line number="11" hits="0" branch="False" />
            <line number="12" hits="0" branch="False" />
            <line number="13" hits="0" branch="False" />
            <line number="14" hits="0" branch="False" />
            <line number="15" hits="0" branch="False" />
            <line number="16" hits="0" branch="False" />
            <line number="17" hits="0" branch="False" />
          </lines>
        </class>
        <class name="SpaceBattle.Lib.GetPropertyStrategy" filename="SpaceBattle.Lib\Strategies\GetPropertyStrategy.cs" line-rate="0" branch-rate="1" complexity="1">
          <methods>
            <method name="RunStrategy" signature="(System.Object[])" line-rate="0" branch-rate="1" complexity="1">
              <lines>
                <line number="4" hits="0" branch="False" />
                <line number="5" hits="0" branch="False" />
                <line number="6" hits="0" branch="False" />
                <line number="7" hits="0" branch="False" />
                <line number="8" hits="0" branch="False" />
              </lines>
            </method>
          </methods>
          <lines>
            <line number="4" hits="0" branch="False" />
            <line number="5" hits="0" branch="False" />
            <line number="6" hits="0" branch="False" />
            <line number="7" hits="0" branch="False" />
            <line number="8" hits="0" branch="False" />
          </lines>
        </class>
        <class name="SpaceBattle.Lib.HardStopThreadStrategy" filename="SpaceBattle.Lib\Strategies\HardStopThreadStrategy.cs" line-rate="0" branch-rate="0" complexity="4">
          <methods>
            <method name="RunStrategy" signature="(System.Object[])" line-rate="0" branch-rate="0" complexity="4">
              <lines>
                <line number="7" hits="0" branch="False" />
                <line number="8" hits="0" branch="False" />
                <line number="9" hits="0" branch="False" />
                <line number="10" hits="0" branch="True" condition-coverage="0% (0/2)">
                  <conditions>
                    <condition number="36" type="jump" coverage="0%" />
                  </conditions>
                </line>
                <line number="11" hits="0" branch="False" />
                <line number="12" hits="0" branch="False" />
                <line number="13" hits="0" branch="False" />
                <line number="14" hits="0" branch="False" />
                <line number="15" hits="0" branch="False" />
                <line number="16" hits="0" branch="False" />
                <line number="17" hits="0" branch="False" />
                <line number="18" hits="0" branch="False" />
                <line number="19" hits="0" branch="True" condition-coverage="0% (0/2)">
                  <conditions>
                    <condition number="80" type="jump" coverage="0%" />
                  </conditions>
                </line>
                <line number="20" hits="0" branch="False" />
                <line number="21" hits="0" branch="False" />
                <line number="22" hits="0" branch="False" />
                <line number="23" hits="0" branch="False" />
                <line number="24" hits="0" branch="False" />
              </lines>
            </method>
          </methods>
          <lines>
            <line number="7" hits="0" branch="False" />
            <line number="8" hits="0" branch="False" />
            <line number="9" hits="0" branch="False" />
            <line number="10" hits="0" branch="True" condition-coverage="0% (0/2)">
              <conditions>
                <condition number="36" type="jump" coverage="0%" />
              </conditions>
            </line>
            <line number="11" hits="0" branch="False" />
            <line number="12" hits="0" branch="False" />
            <line number="13" hits="0" branch="False" />
            <line number="14" hits="0" branch="False" />
            <line number="15" hits="0" branch="False" />
            <line number="16" hits="0" branch="False" />
            <line number="17" hits="0" branch="False" />
            <line number="18" hits="0" branch="False" />
            <line number="19" hits="0" branch="True" condition-coverage="0% (0/2)">
              <conditions>
                <condition number="80" type="jump" coverage="0%" />
              </conditions>
            </line>
            <line number="20" hits="0" branch="False" />
            <line number="21" hits="0" branch="False" />
            <line number="22" hits="0" branch="False" />
            <line number="23" hits="0" branch="False" />
            <line number="24" hits="0" branch="False" />
          </lines>
        </class>
        <class name="SpaceBattle.Lib.SendCommandStrategy" filename="SpaceBattle.Lib\Strategies\SendCommandStrategy.cs" line-rate="0" branch-rate="1" complexity="1">
          <methods>
            <method name="RunStrategy" signature="(System.Object[])" line-rate="0" branch-rate="1" complexity="1">
              <lines>
                <line number="7" hits="0" branch="False" />
                <line number="8" hits="0" branch="False" />
                <line number="9" hits="0" branch="False" />
                <line number="10" hits="0" branch="False" />
                <line number="11" hits="0" branch="False" />
                <line number="12" hits="0" branch="False" />
                <line number="13" hits="0" branch="False" />
                <line number="14" hits="0" branch="False" />
                <line number="15" hits="0" branch="False" />
              </lines>
            </method>
          </methods>
          <lines>
            <line number="7" hits="0" branch="False" />
            <line number="8" hits="0" branch="False" />
            <line number="9" hits="0" branch="False" />
            <line number="10" hits="0" branch="False" />
            <line number="11" hits="0" branch="False" />
            <line number="12" hits="0" branch="False" />
            <line number="13" hits="0" branch="False" />
            <line number="14" hits="0" branch="False" />
            <line number="15" hits="0" branch="False" />
          </lines>
        </class>
        <class name="SpaceBattle.Lib.SoftStopThreadStrategy" filename="SpaceBattle.Lib\Strategies\SoftStopThreadStrategy.cs" line-rate="0" branch-rate="0" complexity="4">
          <methods>
            <method name="RunStrategy" signature="(System.Object[])" line-rate="0" branch-rate="0" complexity="4">
              <lines>
                <line number="7" hits="0" branch="False" />
                <line number="8" hits="0" branch="False" />
                <line number="9" hits="0" branch="False" />
                <line number="10" hits="0" branch="True" condition-coverage="0% (0/2)">
                  <conditions>
                    <condition number="36" type="jump" coverage="0%" />
                  </conditions>
                </line>
                <line number="11" hits="0" branch="False" />
                <line number="12" hits="0" branch="False" />
                <line number="13" hits="0" branch="False" />
                <line number="14" hits="0" branch="False" />
                <line number="15" hits="0" branch="False" />
                <line number="16" hits="0" branch="False" />
                <line number="17" hits="0" branch="False" />
                <line number="18" hits="0" branch="False" />
                <line number="19" hits="0" branch="True" condition-coverage="0% (0/2)">
                  <conditions>
                    <condition number="80" type="jump" coverage="0%" />
                  </conditions>
                </line>
                <line number="20" hits="0" branch="False" />
                <line number="21" hits="0" branch="False" />
                <line number="22" hits="0" branch="False" />
                <line number="23" hits="0" branch="False" />
                <line number="24" hits="0" branch="False" />
              </lines>
            </method>
          </methods>
          <lines>
            <line number="7" hits="0" branch="False" />
            <line number="8" hits="0" branch="False" />
            <line number="9" hits="0" branch="False" />
            <line number="10" hits="0" branch="True" condition-coverage="0% (0/2)">
              <conditions>
                <condition number="36" type="jump" coverage="0%" />
              </conditions>
            </line>
            <line number="11" hits="0" branch="False" />
            <line number="12" hits="0" branch="False" />
            <line number="13" hits="0" branch="False" />
            <line number="14" hits="0" branch="False" />
            <line number="15" hits="0" branch="False" />
            <line number="16" hits="0" branch="False" />
            <line number="17" hits="0" branch="False" />
            <line number="18" hits="0" branch="False" />
            <line number="19" hits="0" branch="True" condition-coverage="0% (0/2)">
              <conditions>
                <condition number="80" type="jump" coverage="0%" />
              </conditions>
            </line>
            <line number="20" hits="0" branch="False" />
            <line number="21" hits="0" branch="False" />
            <line number="22" hits="0" branch="False" />
            <line number="23" hits="0" branch="False" />
            <line number="24" hits="0" branch="False" />
          </lines>
        </class>
        <class name="SpaceBattle.Lib.Vector" filename="SpaceBattle.Lib\Vector.cs" line-rate="0" branch-rate="0" complexity="21">
          <methods>
            <method name="get_Item" signature="(System.Int32)" line-rate="0" branch-rate="1" complexity="1">
              <lines>
                <line number="14" hits="0" branch="False" />
                <line number="15" hits="0" branch="False" />
                <line number="16" hits="0" branch="False" />
              </lines>
            </method>
            <method name="set_Item" signature="(System.Int32,System.Int32)" line-rate="0" branch-rate="1" complexity="1">
              <lines>
                <line number="18" hits="0" branch="False" />
                <line number="19" hits="0" branch="False" />
                <line number="20" hits="0" branch="False" />
              </lines>
            </method>
            <method name="op_Addition" signature="(SpaceBattle.Lib.Vector,SpaceBattle.Lib.Vector)" line-rate="0" branch-rate="0" complexity="4">
              <lines>
                <line number="23" hits="0" branch="False" />
                <line number="24" hits="0" branch="True" condition-coverage="0% (0/2)">
                  <conditions>
                    <condition number="20" type="jump" coverage="0%" />
                  </conditions>
                </line>
                <line number="25" hits="0" branch="False" />
                <line number="26" hits="0" branch="True" condition-coverage="0% (0/2)">
                  <conditions>
                    <condition number="77" type="jump" coverage="0%" />
                  </conditions>
                </line>
                <line number="28" hits="0" branch="False" />
                <line number="29" hits="0" branch="False" />
              </lines>
            </method>
            <method name="op_Subtraction" signature="(SpaceBattle.Lib.Vector,SpaceBattle.Lib.Vector)" line-rate="0" branch-rate="0" complexity="4">
              <lines>
                <line number="31" hits="0" branch="False" />
                <line number="32" hits="0" branch="True" condition-coverage="0% (0/2)">
                  <conditions>
                    <condition number="20" type="jump" coverage="0%" />
                  </conditions>
                </line>
                <line number="33" hits="0" branch="False" />
                <line number="34" hits="0" branch="True" condition-coverage="0% (0/2)">
                  <conditions>
                    <condition number="77" type="jump" coverage="0%" />
                  </conditions>
                </line>
                <line number="36" hits="0" branch="False" />
                <line number="37" hits="0" branch="False" />
              </lines>
            </method>
            <method name="op_Equality" signature="(SpaceBattle.Lib.Vector,SpaceBattle.Lib.Vector)" line-rate="0" branch-rate="0" complexity="6">
              <lines>
                <line number="39" hits="0" branch="False" />
                <line number="40" hits="0" branch="True" condition-coverage="0% (0/2)">
                  <conditions>
                    <condition number="20" type="jump" coverage="0%" />
                  </conditions>
                </line>
                <line number="41" hits="0" branch="True" condition-coverage="0% (0/2)">
                  <conditions>
                    <condition number="74" type="jump" coverage="0%" />
                  </conditions>
                </line>
                <line number="42" hits="0" branch="True" condition-coverage="0% (0/2)">
                  <conditions>
                    <condition number="51" type="jump" coverage="0%" />
                  </conditions>
                </line>
                <line number="43" hits="0" branch="False" />
                <line number="44" hits="0" branch="False" />
              </lines>
            </method>
            <method name="op_Inequality" signature="(SpaceBattle.Lib.Vector,SpaceBattle.Lib.Vector)" line-rate="0" branch-rate="1" complexity="1">
              <lines>
                <line number="46" hits="0" branch="False" />
                <line number="47" hits="0" branch="False" />
                <line number="48" hits="0" branch="False" />
              </lines>
            </method>
            <method name="Equals" signature="(System.Object)" line-rate="0" branch-rate="0" complexity="2">
              <lines>
                <line number="50" hits="0" branch="True" condition-coverage="0% (0/2)">
                  <conditions>
                    <condition number="8" type="jump" coverage="0%" />
                  </conditions>
                </line>
              </lines>
            </method>
            <method name="GetHashCode" signature="()" line-rate="0" branch-rate="1" complexity="1">
              <lines>
                <line number="53" hits="0" branch="False" />
                <line number="54" hits="0" branch="False" />
                <line number="55" hits="0" branch="False" />
              </lines>
            </method>
            <method name=".ctor" signature="(System.Int32[])" line-rate="0" branch-rate="1" complexity="1">
              <lines>
                <line number="6" hits="0" branch="False" />
                <line number="7" hits="0" branch="False" />
                <line number="8" hits="0" branch="False" />
                <line number="9" hits="0" branch="False" />
                <line number="10" hits="0" branch="False" />
              </lines>
            </method>
          </methods>
          <lines>
            <line number="14" hits="0" branch="False" />
            <line number="15" hits="0" branch="False" />
            <line number="16" hits="0" branch="False" />
            <line number="18" hits="0" branch="False" />
            <line number="19" hits="0" branch="False" />
            <line number="20" hits="0" branch="False" />
            <line number="23" hits="0" branch="False" />
            <line number="24" hits="0" branch="True" condition-coverage="0% (0/2)">
              <conditions>
                <condition number="20" type="jump" coverage="0%" />
              </conditions>
            </line>
            <line number="25" hits="0" branch="False" />
            <line number="26" hits="0" branch="True" condition-coverage="0% (0/2)">
              <conditions>
                <condition number="77" type="jump" coverage="0%" />
              </conditions>
            </line>
            <line number="28" hits="0" branch="False" />
            <line number="29" hits="0" branch="False" />
            <line number="31" hits="0" branch="False" />
            <line number="32" hits="0" branch="True" condition-coverage="0% (0/2)">
              <conditions>
                <condition number="20" type="jump" coverage="0%" />
              </conditions>
            </line>
            <line number="33" hits="0" branch="False" />
            <line number="34" hits="0" branch="True" condition-coverage="0% (0/2)">
              <conditions>
                <condition number="77" type="jump" coverage="0%" />
              </conditions>
            </line>
            <line number="36" hits="0" branch="False" />
            <line number="37" hits="0" branch="False" />
            <line number="39" hits="0" branch="False" />
            <line number="40" hits="0" branch="True" condition-coverage="0% (0/2)">
              <conditions>
                <condition number="20" type="jump" coverage="0%" />
              </conditions>
            </line>
            <line number="41" hits="0" branch="True" condition-coverage="0% (0/2)">
              <conditions>
                <condition number="74" type="jump" coverage="0%" />
              </conditions>
            </line>
            <line number="42" hits="0" branch="True" condition-coverage="0% (0/2)">
              <conditions>
                <condition number="51" type="jump" coverage="0%" />
              </conditions>
            </line>
            <line number="43" hits="0" branch="False" />
            <line number="44" hits="0" branch="False" />
            <line number="46" hits="0" branch="False" />
            <line number="47" hits="0" branch="False" />
            <line number="48" hits="0" branch="False" />
            <line number="50" hits="0" branch="True" condition-coverage="0% (0/2)">
              <conditions>
                <condition number="8" type="jump" coverage="0%" />
              </conditions>
            </line>
            <line number="53" hits="0" branch="False" />
            <line number="54" hits="0" branch="False" />
            <line number="55" hits="0" branch="False" />
            <line number="6" hits="0" branch="False" />
            <line number="7" hits="0" branch="False" />
            <line number="8" hits="0" branch="False" />
            <line number="9" hits="0" branch="False" />
            <line number="10" hits="0" branch="False" />
          </lines>
        </class>
      </classes>
    </package>
  </packages>
</coverage>